2019-09-10 15:22:32  INFO [main] InfyGoBoot.BookingMicro.BookingMicroApplication [logStarting] - Starting BookingMicroApplication on USABOS208412L with PID 28944 (C:\Users\tamarcus.garcia\Documents\MicroServicesExcercise\TicketMicro\target\classes started by tamarcus.garcia in C:\Users\tamarcus.garcia\Documents\MicroServicesExcercise\TicketMicro)
2019-09-10 15:22:32  INFO [main] InfyGoBoot.BookingMicro.BookingMicroApplication [logStartupProfileInfo] - No active profile set, falling back to default profiles: default
2019-09-10 15:22:36  INFO [main] org.springframework.data.repository.config.RepositoryConfigurationDelegate [multipleStoresDetected] - Multiple Spring Data modules found, entering strict repository configuration mode!
2019-09-10 15:22:36  INFO [main] org.springframework.data.repository.config.RepositoryConfigurationDelegate [registerRepositoriesIn] - Bootstrapping Spring Data repositories in DEFAULT mode.
2019-09-10 15:22:36  INFO [main] org.springframework.data.repository.config.RepositoryConfigurationDelegate [registerRepositoriesIn] - Finished Spring Data repository scanning in 441ms. Found 3 repository interfaces.
2019-09-10 15:22:36  INFO [main] org.springframework.data.repository.config.RepositoryConfigurationDelegate [multipleStoresDetected] - Multiple Spring Data modules found, entering strict repository configuration mode!
2019-09-10 15:22:36  INFO [main] org.springframework.data.repository.config.RepositoryConfigurationDelegate [registerRepositoriesIn] - Bootstrapping Spring Data repositories in DEFAULT mode.
2019-09-10 15:22:36  INFO [main] org.springframework.data.repository.config.RepositoryConfigurationExtensionSupport [isStrictRepositoryCandidate] - Spring Data Redis - Could not safely identify store assignment for repository candidate interface InfyGoBoot.BookingMicro.repository.FlightsRepository.
2019-09-10 15:22:36  INFO [main] org.springframework.data.repository.config.RepositoryConfigurationExtensionSupport [isStrictRepositoryCandidate] - Spring Data Redis - Could not safely identify store assignment for repository candidate interface InfyGoBoot.BookingMicro.repository.PassengerRepository.
2019-09-10 15:22:36  INFO [main] org.springframework.data.repository.config.RepositoryConfigurationExtensionSupport [isStrictRepositoryCandidate] - Spring Data Redis - Could not safely identify store assignment for repository candidate interface InfyGoBoot.BookingMicro.repository.TicketRepository.
2019-09-10 15:22:36  INFO [main] org.springframework.data.repository.config.RepositoryConfigurationDelegate [registerRepositoriesIn] - Finished Spring Data repository scanning in 44ms. Found 0 repository interfaces.
2019-09-10 15:22:37  INFO [main] org.springframework.context.support.PostProcessorRegistrationDelegate$BeanPostProcessorChecker [postProcessAfterInitialization] - Bean 'org.springframework.transaction.annotation.ProxyTransactionManagementConfiguration' of type [org.springframework.transaction.annotation.ProxyTransactionManagementConfiguration] is not eligible for getting processed by all BeanPostProcessors (for example: not eligible for auto-proxying)
2019-09-10 15:22:39  INFO [main] org.springframework.boot.web.embedded.tomcat.TomcatWebServer [initialize] - Tomcat initialized with port(s): 4242 (http)
2019-09-10 15:22:39  INFO [main] org.apache.catalina.core.StandardService [log] - Starting service [Tomcat]
2019-09-10 15:22:39  INFO [main] org.apache.catalina.core.StandardEngine [log] - Starting Servlet engine: [Apache Tomcat/9.0.24]
2019-09-10 15:22:40  INFO [main] org.apache.jasper.servlet.TldScanner [log] - At least one JAR was scanned for TLDs yet contained no TLDs. Enable debug logging for this logger for a complete list of JARs that were scanned but no TLDs were found in them. Skipping unneeded JARs during scanning can improve startup time and JSP compilation time.
2019-09-10 15:22:40  INFO [main] org.apache.catalina.core.ContainerBase.[Tomcat].[localhost].[/InfyGoBoot] [log] - Initializing Spring embedded WebApplicationContext
2019-09-10 15:22:40  INFO [main] org.springframework.web.context.ContextLoader [prepareWebApplicationContext] - Root WebApplicationContext: initialization completed in 7280 ms
2019-09-10 15:22:40  INFO [main] org.hibernate.jpa.internal.util.LogHelper [logPersistenceUnitInformation] - HHH000204: Processing PersistenceUnitInfo [name: default]
2019-09-10 15:22:40  INFO [main] org.hibernate.Version [logVersion] - HHH000412: Hibernate Core {5.4.4.Final}
2019-09-10 15:22:41  INFO [main] org.hibernate.annotations.common.Version [<clinit>] - HCANN000001: Hibernate Commons Annotations {5.1.0.Final}
2019-09-10 15:22:41  INFO [main] com.zaxxer.hikari.HikariDataSource [getConnection] - HikariPool-1 - Starting...
2019-09-10 15:22:42  INFO [main] com.zaxxer.hikari.HikariDataSource [getConnection] - HikariPool-1 - Start completed.
2019-09-10 15:22:43  INFO [main] org.hibernate.dialect.Dialect [<init>] - HHH000400: Using dialect: org.hibernate.dialect.MySQL5Dialect
2019-09-10 15:22:49  INFO [main] org.hibernate.engine.transaction.jta.platform.internal.JtaPlatformInitiator [initiateService] - HHH000490: Using JtaPlatform implementation: [org.hibernate.engine.transaction.jta.platform.internal.NoJtaPlatform]
2019-09-10 15:22:49  INFO [main] org.springframework.orm.jpa.LocalContainerEntityManagerFactoryBean [buildNativeEntityManagerFactory] - Initialized JPA EntityManagerFactory for persistence unit 'default'
2019-09-10 15:22:50  WARN [main] org.springframework.boot.autoconfigure.orm.jpa.JpaBaseConfiguration$JpaWebConfiguration [openEntityManagerInViewInterceptor] - spring.jpa.open-in-view is enabled by default. Therefore, database queries may be performed during view rendering. Explicitly configure spring.jpa.open-in-view to disable this warning
2019-09-10 15:22:51  INFO [main] org.springframework.scheduling.concurrent.ThreadPoolTaskExecutor [initialize] - Initializing ExecutorService 'applicationTaskExecutor'
2019-09-10 15:22:53  INFO [main] org.springframework.boot.web.embedded.tomcat.TomcatWebServer [start] - Tomcat started on port(s): 4242 (http) with context path '/InfyGoBoot'
2019-09-10 15:22:53  INFO [main] InfyGoBoot.BookingMicro.BookingMicroApplication [logStarted] - Started BookingMicroApplication in 31.059176479 seconds (JVM running for 33.371)
2019-09-10 15:22:55  INFO [http-nio-4242-exec-1] org.apache.catalina.core.ContainerBase.[Tomcat].[localhost].[/InfyGoBoot] [log] - Initializing Spring DispatcherServlet 'dispatcherServlet'
2019-09-10 15:22:55  INFO [http-nio-4242-exec-1] org.springframework.web.servlet.DispatcherServlet [initServletBean] - Initializing Servlet 'dispatcherServlet'
2019-09-10 15:22:55  INFO [http-nio-4242-exec-1] org.springframework.web.servlet.DispatcherServlet [initServletBean] - Completed initialization in 12 ms
2019-09-10 15:25:40  INFO [RMI TCP Connection(2)-127.0.0.1] org.springframework.boot.admin.SpringApplicationAdminMXBeanRegistrar$SpringApplicationAdmin [shutdown] - Application shutdown requested.
2019-09-10 15:25:40  INFO [RMI TCP Connection(2)-127.0.0.1] org.springframework.scheduling.concurrent.ThreadPoolTaskExecutor [shutdown] - Shutting down ExecutorService 'applicationTaskExecutor'
2019-09-10 15:25:40  INFO [RMI TCP Connection(2)-127.0.0.1] org.springframework.orm.jpa.LocalContainerEntityManagerFactoryBean [destroy] - Closing JPA EntityManagerFactory for persistence unit 'default'
2019-09-10 15:25:40  INFO [RMI TCP Connection(2)-127.0.0.1] com.zaxxer.hikari.HikariDataSource [close] - HikariPool-1 - Shutdown initiated...
2019-09-10 15:25:40  INFO [RMI TCP Connection(2)-127.0.0.1] com.zaxxer.hikari.HikariDataSource [close] - HikariPool-1 - Shutdown completed.
2019-09-10 15:25:50  INFO [main] InfyGoBoot.BookingMicro.BookingMicroApplication [logStarting] - Starting BookingMicroApplication on USABOS208412L with PID 52784 (C:\Users\tamarcus.garcia\Documents\MicroServicesExcercise\TicketMicro\target\classes started by tamarcus.garcia in C:\Users\tamarcus.garcia\Documents\MicroServicesExcercise\TicketMicro)
2019-09-10 15:25:50  INFO [main] InfyGoBoot.BookingMicro.BookingMicroApplication [logStartupProfileInfo] - No active profile set, falling back to default profiles: default
2019-09-10 15:25:52  INFO [main] org.springframework.data.repository.config.RepositoryConfigurationDelegate [multipleStoresDetected] - Multiple Spring Data modules found, entering strict repository configuration mode!
2019-09-10 15:25:52  INFO [main] org.springframework.data.repository.config.RepositoryConfigurationDelegate [registerRepositoriesIn] - Bootstrapping Spring Data repositories in DEFAULT mode.
2019-09-10 15:25:52  INFO [main] org.springframework.data.repository.config.RepositoryConfigurationDelegate [registerRepositoriesIn] - Finished Spring Data repository scanning in 101ms. Found 3 repository interfaces.
2019-09-10 15:25:52  INFO [main] org.springframework.data.repository.config.RepositoryConfigurationDelegate [multipleStoresDetected] - Multiple Spring Data modules found, entering strict repository configuration mode!
2019-09-10 15:25:52  INFO [main] org.springframework.data.repository.config.RepositoryConfigurationDelegate [registerRepositoriesIn] - Bootstrapping Spring Data repositories in DEFAULT mode.
2019-09-10 15:25:52  INFO [main] org.springframework.data.repository.config.RepositoryConfigurationExtensionSupport [isStrictRepositoryCandidate] - Spring Data Redis - Could not safely identify store assignment for repository candidate interface InfyGoBoot.BookingMicro.repository.FlightsRepository.
2019-09-10 15:25:52  INFO [main] org.springframework.data.repository.config.RepositoryConfigurationExtensionSupport [isStrictRepositoryCandidate] - Spring Data Redis - Could not safely identify store assignment for repository candidate interface InfyGoBoot.BookingMicro.repository.PassengerRepository.
2019-09-10 15:25:52  INFO [main] org.springframework.data.repository.config.RepositoryConfigurationExtensionSupport [isStrictRepositoryCandidate] - Spring Data Redis - Could not safely identify store assignment for repository candidate interface InfyGoBoot.BookingMicro.repository.TicketRepository.
2019-09-10 15:25:52  INFO [main] org.springframework.data.repository.config.RepositoryConfigurationDelegate [registerRepositoriesIn] - Finished Spring Data repository scanning in 22ms. Found 0 repository interfaces.
2019-09-10 15:25:52  INFO [main] org.springframework.context.support.PostProcessorRegistrationDelegate$BeanPostProcessorChecker [postProcessAfterInitialization] - Bean 'org.springframework.transaction.annotation.ProxyTransactionManagementConfiguration' of type [org.springframework.transaction.annotation.ProxyTransactionManagementConfiguration] is not eligible for getting processed by all BeanPostProcessors (for example: not eligible for auto-proxying)
2019-09-10 15:25:53  INFO [main] org.springframework.boot.web.embedded.tomcat.TomcatWebServer [initialize] - Tomcat initialized with port(s): 4242 (http)
2019-09-10 15:25:53  INFO [main] org.apache.catalina.core.StandardService [log] - Starting service [Tomcat]
2019-09-10 15:25:53  INFO [main] org.apache.catalina.core.StandardEngine [log] - Starting Servlet engine: [Apache Tomcat/9.0.24]
2019-09-10 15:25:53  INFO [main] org.apache.jasper.servlet.TldScanner [log] - At least one JAR was scanned for TLDs yet contained no TLDs. Enable debug logging for this logger for a complete list of JARs that were scanned but no TLDs were found in them. Skipping unneeded JARs during scanning can improve startup time and JSP compilation time.
2019-09-10 15:25:53  INFO [main] org.apache.catalina.core.ContainerBase.[Tomcat].[localhost].[/InfyGoBoot] [log] - Initializing Spring embedded WebApplicationContext
2019-09-10 15:25:53  INFO [main] org.springframework.web.context.ContextLoader [prepareWebApplicationContext] - Root WebApplicationContext: initialization completed in 2569 ms
2019-09-10 15:25:53  INFO [main] org.hibernate.jpa.internal.util.LogHelper [logPersistenceUnitInformation] - HHH000204: Processing PersistenceUnitInfo [name: default]
2019-09-10 15:25:53  INFO [main] org.hibernate.Version [logVersion] - HHH000412: Hibernate Core {5.4.4.Final}
2019-09-10 15:25:54  INFO [main] org.hibernate.annotations.common.Version [<clinit>] - HCANN000001: Hibernate Commons Annotations {5.1.0.Final}
2019-09-10 15:25:54  INFO [main] com.zaxxer.hikari.HikariDataSource [getConnection] - HikariPool-1 - Starting...
2019-09-10 15:25:54  INFO [main] com.zaxxer.hikari.HikariDataSource [getConnection] - HikariPool-1 - Start completed.
2019-09-10 15:25:54  INFO [main] org.hibernate.dialect.Dialect [<init>] - HHH000400: Using dialect: org.hibernate.dialect.MySQL5Dialect
2019-09-10 15:25:54  INFO [main] org.hibernate.engine.transaction.jta.platform.internal.JtaPlatformInitiator [initiateService] - HHH000490: Using JtaPlatform implementation: [org.hibernate.engine.transaction.jta.platform.internal.NoJtaPlatform]
2019-09-10 15:25:54  INFO [main] org.springframework.orm.jpa.LocalContainerEntityManagerFactoryBean [buildNativeEntityManagerFactory] - Initialized JPA EntityManagerFactory for persistence unit 'default'
2019-09-10 15:25:55  WARN [main] org.springframework.boot.autoconfigure.orm.jpa.JpaBaseConfiguration$JpaWebConfiguration [openEntityManagerInViewInterceptor] - spring.jpa.open-in-view is enabled by default. Therefore, database queries may be performed during view rendering. Explicitly configure spring.jpa.open-in-view to disable this warning
2019-09-10 15:25:55  INFO [main] org.springframework.scheduling.concurrent.ThreadPoolTaskExecutor [initialize] - Initializing ExecutorService 'applicationTaskExecutor'
2019-09-10 15:25:56  INFO [main] org.springframework.boot.web.embedded.tomcat.TomcatWebServer [start] - Tomcat started on port(s): 4242 (http) with context path '/InfyGoBoot'
2019-09-10 15:25:56  INFO [main] InfyGoBoot.BookingMicro.BookingMicroApplication [logStarted] - Started BookingMicroApplication in 6.871316786 seconds (JVM running for 7.87)
2019-09-10 15:26:18  INFO [http-nio-4242-exec-8] org.apache.catalina.core.ContainerBase.[Tomcat].[localhost].[/InfyGoBoot] [log] - Initializing Spring DispatcherServlet 'dispatcherServlet'
2019-09-10 15:26:18  INFO [http-nio-4242-exec-8] org.springframework.web.servlet.DispatcherServlet [initServletBean] - Initializing Servlet 'dispatcherServlet'
2019-09-10 15:26:18  INFO [http-nio-4242-exec-8] org.springframework.web.servlet.DispatcherServlet [initServletBean] - Completed initialization in 14 ms
2019-09-10 16:41:08  INFO [RMI TCP Connection(2)-127.0.0.1] org.springframework.boot.admin.SpringApplicationAdminMXBeanRegistrar$SpringApplicationAdmin [shutdown] - Application shutdown requested.
2019-09-10 16:41:08  INFO [RMI TCP Connection(2)-127.0.0.1] org.springframework.scheduling.concurrent.ThreadPoolTaskExecutor [shutdown] - Shutting down ExecutorService 'applicationTaskExecutor'
2019-09-10 16:41:08  INFO [RMI TCP Connection(2)-127.0.0.1] org.springframework.orm.jpa.LocalContainerEntityManagerFactoryBean [destroy] - Closing JPA EntityManagerFactory for persistence unit 'default'
2019-09-10 16:41:08  INFO [RMI TCP Connection(2)-127.0.0.1] com.zaxxer.hikari.HikariDataSource [close] - HikariPool-1 - Shutdown initiated...
2019-09-10 16:41:08  INFO [RMI TCP Connection(2)-127.0.0.1] com.zaxxer.hikari.HikariDataSource [close] - HikariPool-1 - Shutdown completed.
